<!DOCTYPE html PUBLIC "-//W3C//DTD XHTML 1.1//EN" "http://www.w3.org/TR/xhtml11/DTD/xhtml11.dtd">
<html xmlns="http://www.w3.org/1999/xhtml"><head><title>TestNG Report</title><style type="text/css">table {margin-bottom:10px;border-collapse:collapse;empty-cells:show}th,td {border:1px solid #009;padding:.25em .5em}th {vertical-align:bottom}td {vertical-align:top}table a {font-weight:bold}.stripe td {background-color: #E6EBF9}.num {text-align:right}.passedodd td {background-color: #3F3}.passedeven td {background-color: #0A0}.skippedodd td {background-color: #DDD}.skippedeven td {background-color: #CCC}.failedodd td,.attn {background-color: #F33}.failedeven td,.stripe .attn {background-color: #D00}.stacktrace {white-space:pre;font-family:monospace}.totop {font-size:85%;text-align:center;border-bottom:2px solid #000}</style></head><body><table><tr><th>Test</th><th># Passed</th><th># Skipped</th><th># Failed</th><th>Time (ms)</th><th>Included Groups</th><th>Excluded Groups</th></tr><tr><th colspan="7">Default suite</th></tr><tr><td><a href="#t0">Default test</a></td><td class="num">3</td><td class="num attn">3</td><td class="num">0</td><td class="num">88,699</td><td></td><td></td></tr></table><table><thead><tr><th>Class</th><th>Method</th><th>Start</th><th>Time (ms)</th></tr></thead><tbody><tr><th colspan="4">Default suite</th></tr></tbody><tbody id="t0"><tr><th colspan="4">Default test &#8212; skipped</th></tr><tr class="skippedeven"><td rowspan="3">TestCases_POM.Home_Test</td><td><a href="#m0">Contact_page_Titel_Test</a></td><td rowspan="1">1527099144721</td><td rowspan="1">2</td></tr><tr class="skippedeven"><td><a href="#m1">Home_page_Titel_Test</a></td><td rowspan="1">1527099084880</td><td rowspan="1">2</td></tr><tr class="skippedeven"><td><a href="#m2">Task_page_Titel_Test</a></td><td rowspan="1">1527099113788</td><td rowspan="1">2</td></tr><tr><th colspan="4">Default test &#8212; passed</th></tr><tr class="passedeven"><td rowspan="3">TestCases_POM.Home_Test</td><td><a href="#m3">Contact_page_Titel_Test</a></td><td rowspan="1">1527099118839</td><td rowspan="1">19893</td></tr><tr class="passedeven"><td><a href="#m4">Home_page_Titel_Test</a></td><td rowspan="1">1527099061151</td><td rowspan="1">17195</td></tr><tr class="passedeven"><td><a href="#m5">Task_page_Titel_Test</a></td><td rowspan="1">1527099089947</td><td rowspan="1">17808</td></tr></tbody></table><h2>Default test</h2><h3 id="m0">TestCases_POM.Home_Test#Contact_page_Titel_Test</h3><table class="result"><tr class="param"><th>Parameter #1</th></tr><tr class="param stripe"><td>{appurl=http://automationpractice.com/index.php, ExpectedResult=Your message has been successfully sent to our team., user=manojk2829@gmail.com, Password=maurya@282920, Runmode=N, Result=gs, ActualResult=passs, Browser=Firefox}</td></tr><tr><th>Exception</th></tr><tr><td><div class="stacktrace">org.testng.SkipException: Skip the Test because - Run mode is No
	at TestCases_POM.Home_Test.Contact_page_Titel_Test(Home_Test.java:72)
	at sun.reflect.NativeMethodAccessorImpl.invoke0(Native Method)
	at sun.reflect.NativeMethodAccessorImpl.invoke(Unknown Source)
	at sun.reflect.DelegatingMethodAccessorImpl.invoke(Unknown Source)
	at java.lang.reflect.Method.invoke(Unknown Source)
	at org.testng.internal.MethodInvocationHelper.invokeMethod(MethodInvocationHelper.java:85)
	at org.testng.internal.Invoker.invokeMethod(Invoker.java:639)
	at org.testng.internal.Invoker.invokeTestMethod(Invoker.java:821)
	at org.testng.internal.Invoker.invokeTestMethods(Invoker.java:1131)
	at org.testng.internal.TestMethodWorker.invokeTestMethods(TestMethodWorker.java:124)
	at org.testng.internal.TestMethodWorker.run(TestMethodWorker.java:108)
	at org.testng.TestRunner.privateRun(TestRunner.java:773)
	at org.testng.TestRunner.run(TestRunner.java:623)
	at org.testng.SuiteRunner.runTest(SuiteRunner.java:357)
	at org.testng.SuiteRunner.runSequentially(SuiteRunner.java:352)
	at org.testng.SuiteRunner.privateRun(SuiteRunner.java:310)
	at org.testng.SuiteRunner.run(SuiteRunner.java:259)
	at org.testng.SuiteRunnerWorker.runSuite(SuiteRunnerWorker.java:52)
	at org.testng.SuiteRunnerWorker.run(SuiteRunnerWorker.java:86)
	at org.testng.TestNG.runSuitesSequentially(TestNG.java:1185)
	at org.testng.TestNG.runSuitesLocally(TestNG.java:1110)
	at org.testng.TestNG.run(TestNG.java:1018)
	at org.testng.remote.AbstractRemoteTestNG.run(AbstractRemoteTestNG.java:132)
	at org.testng.remote.RemoteTestNG.initAndRun(RemoteTestNG.java:236)
	at org.testng.remote.RemoteTestNG.main(RemoteTestNG.java:81)
</div></td></tr></table><p class="totop"><a href="#summary">back to summary</a></p><h3 id="m1">TestCases_POM.Home_Test#Home_page_Titel_Test</h3><table class="result"><tr class="param"><th>Parameter #1</th></tr><tr class="param stripe"><td>{appurl=http://automationpractice.com/index.php, ExpectedResult=Your message has been successfully sent to our team., user=manojk2829@gmail.com, Password=maurya@282920, Runmode=N, Result=gs, ActualResult=passs, Browser=Firefox}</td></tr><tr><th>Exception</th></tr><tr><td><div class="stacktrace">org.testng.SkipException: Skip the Test because - Run mode is No
	at TestCases_POM.Home_Test.Home_page_Titel_Test(Home_Test.java:32)
	at sun.reflect.NativeMethodAccessorImpl.invoke0(Native Method)
	at sun.reflect.NativeMethodAccessorImpl.invoke(Unknown Source)
	at sun.reflect.DelegatingMethodAccessorImpl.invoke(Unknown Source)
	at java.lang.reflect.Method.invoke(Unknown Source)
	at org.testng.internal.MethodInvocationHelper.invokeMethod(MethodInvocationHelper.java:85)
	at org.testng.internal.Invoker.invokeMethod(Invoker.java:639)
	at org.testng.internal.Invoker.invokeTestMethod(Invoker.java:821)
	at org.testng.internal.Invoker.invokeTestMethods(Invoker.java:1131)
	at org.testng.internal.TestMethodWorker.invokeTestMethods(TestMethodWorker.java:124)
	at org.testng.internal.TestMethodWorker.run(TestMethodWorker.java:108)
	at org.testng.TestRunner.privateRun(TestRunner.java:773)
	at org.testng.TestRunner.run(TestRunner.java:623)
	at org.testng.SuiteRunner.runTest(SuiteRunner.java:357)
	at org.testng.SuiteRunner.runSequentially(SuiteRunner.java:352)
	at org.testng.SuiteRunner.privateRun(SuiteRunner.java:310)
	at org.testng.SuiteRunner.run(SuiteRunner.java:259)
	at org.testng.SuiteRunnerWorker.runSuite(SuiteRunnerWorker.java:52)
	at org.testng.SuiteRunnerWorker.run(SuiteRunnerWorker.java:86)
	at org.testng.TestNG.runSuitesSequentially(TestNG.java:1185)
	at org.testng.TestNG.runSuitesLocally(TestNG.java:1110)
	at org.testng.TestNG.run(TestNG.java:1018)
	at org.testng.remote.AbstractRemoteTestNG.run(AbstractRemoteTestNG.java:132)
	at org.testng.remote.RemoteTestNG.initAndRun(RemoteTestNG.java:236)
	at org.testng.remote.RemoteTestNG.main(RemoteTestNG.java:81)
</div></td></tr></table><p class="totop"><a href="#summary">back to summary</a></p><h3 id="m2">TestCases_POM.Home_Test#Task_page_Titel_Test</h3><table class="result"><tr class="param"><th>Parameter #1</th></tr><tr class="param stripe"><td>{appurl=http://automationpractice.com/index.php, ExpectedResult=Your message has been successfully sent to our team., user=manojk2829@gmail.com, Password=maurya@282920, Runmode=N, Result=gs, ActualResult=passs, Browser=Firefox}</td></tr><tr><th>Exception</th></tr><tr><td><div class="stacktrace">org.testng.SkipException: Skip the Test because - Run mode is No
	at TestCases_POM.Home_Test.Task_page_Titel_Test(Home_Test.java:53)
	at sun.reflect.NativeMethodAccessorImpl.invoke0(Native Method)
	at sun.reflect.NativeMethodAccessorImpl.invoke(Unknown Source)
	at sun.reflect.DelegatingMethodAccessorImpl.invoke(Unknown Source)
	at java.lang.reflect.Method.invoke(Unknown Source)
	at org.testng.internal.MethodInvocationHelper.invokeMethod(MethodInvocationHelper.java:85)
	at org.testng.internal.Invoker.invokeMethod(Invoker.java:639)
	at org.testng.internal.Invoker.invokeTestMethod(Invoker.java:821)
	at org.testng.internal.Invoker.invokeTestMethods(Invoker.java:1131)
	at org.testng.internal.TestMethodWorker.invokeTestMethods(TestMethodWorker.java:124)
	at org.testng.internal.TestMethodWorker.run(TestMethodWorker.java:108)
	at org.testng.TestRunner.privateRun(TestRunner.java:773)
	at org.testng.TestRunner.run(TestRunner.java:623)
	at org.testng.SuiteRunner.runTest(SuiteRunner.java:357)
	at org.testng.SuiteRunner.runSequentially(SuiteRunner.java:352)
	at org.testng.SuiteRunner.privateRun(SuiteRunner.java:310)
	at org.testng.SuiteRunner.run(SuiteRunner.java:259)
	at org.testng.SuiteRunnerWorker.runSuite(SuiteRunnerWorker.java:52)
	at org.testng.SuiteRunnerWorker.run(SuiteRunnerWorker.java:86)
	at org.testng.TestNG.runSuitesSequentially(TestNG.java:1185)
	at org.testng.TestNG.runSuitesLocally(TestNG.java:1110)
	at org.testng.TestNG.run(TestNG.java:1018)
	at org.testng.remote.AbstractRemoteTestNG.run(AbstractRemoteTestNG.java:132)
	at org.testng.remote.RemoteTestNG.initAndRun(RemoteTestNG.java:236)
	at org.testng.remote.RemoteTestNG.main(RemoteTestNG.java:81)
</div></td></tr></table><p class="totop"><a href="#summary">back to summary</a></p><h3 id="m3">TestCases_POM.Home_Test#Contact_page_Titel_Test</h3><table class="result"><tr class="param"><th>Parameter #1</th></tr><tr class="param stripe"><td>{appurl=http://automationpractice.com/index.php, ExpectedResult=Your message has been successfully sent to our team., user=naveenk, Password=test@123, Runmode=Y, Result=gs, ActualResult=passs, Browser=chrome}</td></tr></table><p class="totop"><a href="#summary">back to summary</a></p><h3 id="m4">TestCases_POM.Home_Test#Home_page_Titel_Test</h3><table class="result"><tr class="param"><th>Parameter #1</th></tr><tr class="param stripe"><td>{appurl=http://automationpractice.com/index.php, ExpectedResult=Your message has been successfully sent to our team., user=naveenk, Password=test@123, Runmode=Y, Result=gs, ActualResult=passs, Browser=chrome}</td></tr></table><p class="totop"><a href="#summary">back to summary</a></p><h3 id="m5">TestCases_POM.Home_Test#Task_page_Titel_Test</h3><table class="result"><tr class="param"><th>Parameter #1</th></tr><tr class="param stripe"><td>{appurl=http://automationpractice.com/index.php, ExpectedResult=Your message has been successfully sent to our team., user=naveenk, Password=test@123, Runmode=Y, Result=gs, ActualResult=passs, Browser=chrome}</td></tr></table><p class="totop"><a href="#summary">back to summary</a></p></body></html>