<?xml version="1.0" encoding="UTF-8"?>
<testng-results skipped="3" failed="0" total="6" passed="3">
  <reporter-output>
  </reporter-output>
  <suite name="Default suite" duration-ms="88699" started-at="2018-05-23T18:11:01Z" finished-at="2018-05-23T18:12:29Z">
    <groups>
    </groups>
    <test name="Default test" duration-ms="88699" started-at="2018-05-23T18:11:01Z" finished-at="2018-05-23T18:12:29Z">
      <class name="TestCases_POM.Home_Test">
        <test-method status="PASS" signature="Home_page_Titel_Test(java.util.Hashtable)[pri:0, instance:TestCases_POM.Home_Test@25748410]" name="Home_page_Titel_Test" duration-ms="17195" started-at="2018-05-23T23:41:01Z" data-provider="getData" finished-at="2018-05-23T23:41:18Z">
          <params>
            <param index="0">
              <value>
                <![CDATA[{appurl=http://automationpractice.com/index.php, ExpectedResult=Your message has been successfully sent to our team., user=naveenk, Password=test@123, Runmode=Y, Result=gs, ActualResult=passs, Browser=chrome}]]>
              </value>
            </param>
          </params>
          <reporter-output>
          </reporter-output>
        </test-method> <!-- Home_page_Titel_Test -->
        <test-method status="PASS" signature="tearDown()[pri:0, instance:TestCases_POM.Home_Test@25748410]" name="tearDown" is-config="true" duration-ms="6530" started-at="2018-05-23T23:41:18Z" finished-at="2018-05-23T23:41:24Z">
          <reporter-output>
          </reporter-output>
        </test-method> <!-- tearDown -->
        <test-method status="SKIP" signature="Home_page_Titel_Test(java.util.Hashtable)[pri:0, instance:TestCases_POM.Home_Test@25748410]" name="Home_page_Titel_Test" duration-ms="2" started-at="2018-05-23T23:41:24Z" data-provider="getData" finished-at="2018-05-23T23:41:24Z">
          <params>
            <param index="0">
              <value>
                <![CDATA[{appurl=http://automationpractice.com/index.php, ExpectedResult=Your message has been successfully sent to our team., user=manojk2829@gmail.com, Password=maurya@282920, Runmode=N, Result=gs, ActualResult=passs, Browser=Firefox}]]>
              </value>
            </param>
          </params>
          <exception class="org.testng.SkipException">
            <message>
              <![CDATA[Skip the Test because - Run mode is No]]>
            </message>
            <full-stacktrace>
              <![CDATA[org.testng.SkipException: Skip the Test because - Run mode is No
	at TestCases_POM.Home_Test.Home_page_Titel_Test(Home_Test.java:32)
	at sun.reflect.NativeMethodAccessorImpl.invoke0(Native Method)
	at sun.reflect.NativeMethodAccessorImpl.invoke(Unknown Source)
	at sun.reflect.DelegatingMethodAccessorImpl.invoke(Unknown Source)
	at java.lang.reflect.Method.invoke(Unknown Source)
	at org.testng.internal.MethodInvocationHelper.invokeMethod(MethodInvocationHelper.java:85)
	at org.testng.internal.Invoker.invokeMethod(Invoker.java:639)
	at org.testng.internal.Invoker.invokeTestMethod(Invoker.java:821)
	at org.testng.internal.Invoker.invokeTestMethods(Invoker.java:1131)
	at org.testng.internal.TestMethodWorker.invokeTestMethods(TestMethodWorker.java:124)
	at org.testng.internal.TestMethodWorker.run(TestMethodWorker.java:108)
	at org.testng.TestRunner.privateRun(TestRunner.java:773)
	at org.testng.TestRunner.run(TestRunner.java:623)
	at org.testng.SuiteRunner.runTest(SuiteRunner.java:357)
	at org.testng.SuiteRunner.runSequentially(SuiteRunner.java:352)
	at org.testng.SuiteRunner.privateRun(SuiteRunner.java:310)
	at org.testng.SuiteRunner.run(SuiteRunner.java:259)
	at org.testng.SuiteRunnerWorker.runSuite(SuiteRunnerWorker.java:52)
	at org.testng.SuiteRunnerWorker.run(SuiteRunnerWorker.java:86)
	at org.testng.TestNG.runSuitesSequentially(TestNG.java:1185)
	at org.testng.TestNG.runSuitesLocally(TestNG.java:1110)
	at org.testng.TestNG.run(TestNG.java:1018)
	at org.testng.remote.AbstractRemoteTestNG.run(AbstractRemoteTestNG.java:132)
	at org.testng.remote.RemoteTestNG.initAndRun(RemoteTestNG.java:236)
	at org.testng.remote.RemoteTestNG.main(RemoteTestNG.java:81)
]]>
            </full-stacktrace>
          </exception> <!-- org.testng.SkipException -->
          <reporter-output>
          </reporter-output>
        </test-method> <!-- Home_page_Titel_Test -->
        <test-method status="PASS" signature="tearDown()[pri:0, instance:TestCases_POM.Home_Test@25748410]" name="tearDown" is-config="true" duration-ms="5059" started-at="2018-05-23T23:41:24Z" finished-at="2018-05-23T23:41:29Z">
          <reporter-output>
          </reporter-output>
        </test-method> <!-- tearDown -->
        <test-method status="PASS" signature="Task_page_Titel_Test(java.util.Hashtable)[pri:0, instance:TestCases_POM.Home_Test@25748410]" name="Task_page_Titel_Test" duration-ms="17808" started-at="2018-05-23T23:41:29Z" data-provider="getData" finished-at="2018-05-23T23:41:47Z">
          <params>
            <param index="0">
              <value>
                <![CDATA[{appurl=http://automationpractice.com/index.php, ExpectedResult=Your message has been successfully sent to our team., user=naveenk, Password=test@123, Runmode=Y, Result=gs, ActualResult=passs, Browser=chrome}]]>
              </value>
            </param>
          </params>
          <reporter-output>
          </reporter-output>
        </test-method> <!-- Task_page_Titel_Test -->
        <test-method status="PASS" signature="tearDown()[pri:0, instance:TestCases_POM.Home_Test@25748410]" name="tearDown" is-config="true" duration-ms="6032" started-at="2018-05-23T23:41:47Z" finished-at="2018-05-23T23:41:53Z">
          <reporter-output>
          </reporter-output>
        </test-method> <!-- tearDown -->
        <test-method status="SKIP" signature="Task_page_Titel_Test(java.util.Hashtable)[pri:0, instance:TestCases_POM.Home_Test@25748410]" name="Task_page_Titel_Test" duration-ms="2" started-at="2018-05-23T23:41:53Z" data-provider="getData" finished-at="2018-05-23T23:41:53Z">
          <params>
            <param index="0">
              <value>
                <![CDATA[{appurl=http://automationpractice.com/index.php, ExpectedResult=Your message has been successfully sent to our team., user=manojk2829@gmail.com, Password=maurya@282920, Runmode=N, Result=gs, ActualResult=passs, Browser=Firefox}]]>
              </value>
            </param>
          </params>
          <exception class="org.testng.SkipException">
            <message>
              <![CDATA[Skip the Test because - Run mode is No]]>
            </message>
            <full-stacktrace>
              <![CDATA[org.testng.SkipException: Skip the Test because - Run mode is No
	at TestCases_POM.Home_Test.Task_page_Titel_Test(Home_Test.java:53)
	at sun.reflect.NativeMethodAccessorImpl.invoke0(Native Method)
	at sun.reflect.NativeMethodAccessorImpl.invoke(Unknown Source)
	at sun.reflect.DelegatingMethodAccessorImpl.invoke(Unknown Source)
	at java.lang.reflect.Method.invoke(Unknown Source)
	at org.testng.internal.MethodInvocationHelper.invokeMethod(MethodInvocationHelper.java:85)
	at org.testng.internal.Invoker.invokeMethod(Invoker.java:639)
	at org.testng.internal.Invoker.invokeTestMethod(Invoker.java:821)
	at org.testng.internal.Invoker.invokeTestMethods(Invoker.java:1131)
	at org.testng.internal.TestMethodWorker.invokeTestMethods(TestMethodWorker.java:124)
	at org.testng.internal.TestMethodWorker.run(TestMethodWorker.java:108)
	at org.testng.TestRunner.privateRun(TestRunner.java:773)
	at org.testng.TestRunner.run(TestRunner.java:623)
	at org.testng.SuiteRunner.runTest(SuiteRunner.java:357)
	at org.testng.SuiteRunner.runSequentially(SuiteRunner.java:352)
	at org.testng.SuiteRunner.privateRun(SuiteRunner.java:310)
	at org.testng.SuiteRunner.run(SuiteRunner.java:259)
	at org.testng.SuiteRunnerWorker.runSuite(SuiteRunnerWorker.java:52)
	at org.testng.SuiteRunnerWorker.run(SuiteRunnerWorker.java:86)
	at org.testng.TestNG.runSuitesSequentially(TestNG.java:1185)
	at org.testng.TestNG.runSuitesLocally(TestNG.java:1110)
	at org.testng.TestNG.run(TestNG.java:1018)
	at org.testng.remote.AbstractRemoteTestNG.run(AbstractRemoteTestNG.java:132)
	at org.testng.remote.RemoteTestNG.initAndRun(RemoteTestNG.java:236)
	at org.testng.remote.RemoteTestNG.main(RemoteTestNG.java:81)
]]>
            </full-stacktrace>
          </exception> <!-- org.testng.SkipException -->
          <reporter-output>
          </reporter-output>
        </test-method> <!-- Task_page_Titel_Test -->
        <test-method status="PASS" signature="tearDown()[pri:0, instance:TestCases_POM.Home_Test@25748410]" name="tearDown" is-config="true" duration-ms="5040" started-at="2018-05-23T23:41:53Z" finished-at="2018-05-23T23:41:58Z">
          <reporter-output>
          </reporter-output>
        </test-method> <!-- tearDown -->
        <test-method status="PASS" signature="Contact_page_Titel_Test(java.util.Hashtable)[pri:0, instance:TestCases_POM.Home_Test@25748410]" name="Contact_page_Titel_Test" duration-ms="19893" started-at="2018-05-23T23:41:58Z" data-provider="getData" finished-at="2018-05-23T23:42:18Z">
          <params>
            <param index="0">
              <value>
                <![CDATA[{appurl=http://automationpractice.com/index.php, ExpectedResult=Your message has been successfully sent to our team., user=naveenk, Password=test@123, Runmode=Y, Result=gs, ActualResult=passs, Browser=chrome}]]>
              </value>
            </param>
          </params>
          <reporter-output>
          </reporter-output>
        </test-method> <!-- Contact_page_Titel_Test -->
        <test-method status="PASS" signature="tearDown()[pri:0, instance:TestCases_POM.Home_Test@25748410]" name="tearDown" is-config="true" duration-ms="5986" started-at="2018-05-23T23:42:18Z" finished-at="2018-05-23T23:42:24Z">
          <reporter-output>
          </reporter-output>
        </test-method> <!-- tearDown -->
        <test-method status="SKIP" signature="Contact_page_Titel_Test(java.util.Hashtable)[pri:0, instance:TestCases_POM.Home_Test@25748410]" name="Contact_page_Titel_Test" duration-ms="2" started-at="2018-05-23T23:42:24Z" data-provider="getData" finished-at="2018-05-23T23:42:24Z">
          <params>
            <param index="0">
              <value>
                <![CDATA[{appurl=http://automationpractice.com/index.php, ExpectedResult=Your message has been successfully sent to our team., user=manojk2829@gmail.com, Password=maurya@282920, Runmode=N, Result=gs, ActualResult=passs, Browser=Firefox}]]>
              </value>
            </param>
          </params>
          <exception class="org.testng.SkipException">
            <message>
              <![CDATA[Skip the Test because - Run mode is No]]>
            </message>
            <full-stacktrace>
              <![CDATA[org.testng.SkipException: Skip the Test because - Run mode is No
	at TestCases_POM.Home_Test.Contact_page_Titel_Test(Home_Test.java:72)
	at sun.reflect.NativeMethodAccessorImpl.invoke0(Native Method)
	at sun.reflect.NativeMethodAccessorImpl.invoke(Unknown Source)
	at sun.reflect.DelegatingMethodAccessorImpl.invoke(Unknown Source)
	at java.lang.reflect.Method.invoke(Unknown Source)
	at org.testng.internal.MethodInvocationHelper.invokeMethod(MethodInvocationHelper.java:85)
	at org.testng.internal.Invoker.invokeMethod(Invoker.java:639)
	at org.testng.internal.Invoker.invokeTestMethod(Invoker.java:821)
	at org.testng.internal.Invoker.invokeTestMethods(Invoker.java:1131)
	at org.testng.internal.TestMethodWorker.invokeTestMethods(TestMethodWorker.java:124)
	at org.testng.internal.TestMethodWorker.run(TestMethodWorker.java:108)
	at org.testng.TestRunner.privateRun(TestRunner.java:773)
	at org.testng.TestRunner.run(TestRunner.java:623)
	at org.testng.SuiteRunner.runTest(SuiteRunner.java:357)
	at org.testng.SuiteRunner.runSequentially(SuiteRunner.java:352)
	at org.testng.SuiteRunner.privateRun(SuiteRunner.java:310)
	at org.testng.SuiteRunner.run(SuiteRunner.java:259)
	at org.testng.SuiteRunnerWorker.runSuite(SuiteRunnerWorker.java:52)
	at org.testng.SuiteRunnerWorker.run(SuiteRunnerWorker.java:86)
	at org.testng.TestNG.runSuitesSequentially(TestNG.java:1185)
	at org.testng.TestNG.runSuitesLocally(TestNG.java:1110)
	at org.testng.TestNG.run(TestNG.java:1018)
	at org.testng.remote.AbstractRemoteTestNG.run(AbstractRemoteTestNG.java:132)
	at org.testng.remote.RemoteTestNG.initAndRun(RemoteTestNG.java:236)
	at org.testng.remote.RemoteTestNG.main(RemoteTestNG.java:81)
]]>
            </full-stacktrace>
          </exception> <!-- org.testng.SkipException -->
          <reporter-output>
          </reporter-output>
        </test-method> <!-- Contact_page_Titel_Test -->
        <test-method status="PASS" signature="tearDown()[pri:0, instance:TestCases_POM.Home_Test@25748410]" name="tearDown" is-config="true" duration-ms="5091" started-at="2018-05-23T23:42:24Z" finished-at="2018-05-23T23:42:29Z">
          <reporter-output>
          </reporter-output>
        </test-method> <!-- tearDown -->
      </class> <!-- TestCases_POM.Home_Test -->
    </test> <!-- Default test -->
  </suite> <!-- Default suite -->
</testng-results>
